➜  demo_main_flow git:(integration/devnet) ✗ node step05_collect_reward_and_unstake.js
Running client.
----------------------------------------
Start Setup
&&&&&&&&&&
invoke claim unlocked reward
Token account:  BzNUdsoPRU9CJkwas6KnXsxQ2csEMq2LFQ7SuxzRb57M   2039280
Claim reward tx ID:  39KujkTdHnVdn3oRv8PHxBUTQSLrKUiHqJdwV1A8jWbj7Jeo7W1jFpPF8yLU6rVUNgNn2pjtpL4i8Roc525kyd8j
  tokenAccount
   mint:  4bKgrJe5UNn9iZhwcBDa1gBFTYdzR9MiYQqstmMWDAJx   1461600
   owner:  FY3QHJREKMii9jgQCTa7bthUHZ1X6Gsbz8PWtcmcUXrd   25533198280
   amount:  9999
   delegated amount:  0
   memberAccount
   registrar:  DmBt2Fskz9wwh3hN18mNsnzHfShtJTyX3EcUAHgufPnG   1955760
   beneficiary:  FY3QHJREKMii9jgQCTa7bthUHZ1X6Gsbz8PWtcmcUXrd   25533198280
   metadata:  11111111111111111111111111111111   1
     member.balances
        spt:  3rtmuJTPD9LzGBBDGQkrkbmq4ZDAUzD59ryVnCqhjUKd   2039280
        vault:  ADKTT6CA8DAoK6Vdk9Kgw9SB9Qjkwr7hDmMn3omxGJtL   2039280
        vaultStake:  AHXrBCmBPcomLD2JpnDHmGhfaHc9UQQTtVTLkVYqK6i   2039280
        vaultPendingWithdraw:  AdMdN9ARj5QwKyhXDRrZXwzDf1yUqNYACwL4Zn7tDbX4   2039280
     member.balancesLocked
        spt:  HH2atPAbFTchLnSCiWoJskVxkuWKwq2GGSYyW5z2D7b9   2039280
        vault:  3kXNkNFpww5WZbbM5NTXk5CGu1LAZbPGUKkLhq6UQBLn   2039280
        vaultStake:  8bX5vZBFSLFx5fy8T44vTSF6jQLurQMD9mrapkGEPoCc   2039280
        vaultPendingWithdraw:  6DwhSs4AGutLZiBKvaMfcUjrsDYveLgKuVzTfMSzYNPq   2039280
----------------------------------------
main_staking_program_id:  Ger7rcLu1nscJ2cFRHk6XfZdEfGL8tdhyyQDGsXUYQdE   1141440
owner:  FY3QHJREKMii9jgQCTa7bthUHZ1X6Gsbz8PWtcmcUXrd   25533198280
mint:  4bKgrJe5UNn9iZhwcBDa1gBFTYdzR9MiYQqstmMWDAJx   1461600
god:  6TjxasAK6FGWeu1eGZ4tqiigQqBPNpCwRm7ny7AR3rhd   2039280
registrar:  DmBt2Fskz9wwh3hN18mNsnzHfShtJTyX3EcUAHgufPnG
rewardQ:  5BD15ZY6DhfBjR2vszDoxBgJe22twxwu3SNy2aiZHigw
member:  Boj8uMW81UDGJydcXLzyVh9cqjrG7z3wBs8APnMZhmbz
     registrarAccount
        registrarAccount.authority:  FY3QHJREKMii9jgQCTa7bthUHZ1X6Gsbz8PWtcmcUXrd   25533198280
        registrarAccount.rewardEventQ:  5BD15ZY6DhfBjR2vszDoxBgJe22twxwu3SNy2aiZHigw   58310880
        registrarAccount.mint:  4bKgrJe5UNn9iZhwcBDa1gBFTYdzR9MiYQqstmMWDAJx   1461600
        registrarAccount.poolMint:  F8U4TUKvMAMM7i4yQTLYztxuW7PXvARurhR4i8mKNeZa   1461600
registrarSigner:  4tmdGaNjuakogTznr3pQ8HiNeKKuCF9AUsBHr2t3Tvkd   0
nonce:  undefined
poolMint:  F8U4TUKvMAMM7i4yQTLYztxuW7PXvARurhR4i8mKNeZa   1461600
   memberAccount:
   registrar:  DmBt2Fskz9wwh3hN18mNsnzHfShtJTyX3EcUAHgufPnG   1955760
   beneficiary:  FY3QHJREKMii9jgQCTa7bthUHZ1X6Gsbz8PWtcmcUXrd   25533198280
   metadata:  11111111111111111111111111111111   1
     member.balances
        spt:  3rtmuJTPD9LzGBBDGQkrkbmq4ZDAUzD59ryVnCqhjUKd   2039280
        vault:  ADKTT6CA8DAoK6Vdk9Kgw9SB9Qjkwr7hDmMn3omxGJtL   2039280
        vaultStake:  AHXrBCmBPcomLD2JpnDHmGhfaHc9UQQTtVTLkVYqK6i   2039280
        vaultPendingWithdraw:  AdMdN9ARj5QwKyhXDRrZXwzDf1yUqNYACwL4Zn7tDbX4   2039280
     member.balancesLocked
        spt:  HH2atPAbFTchLnSCiWoJskVxkuWKwq2GGSYyW5z2D7b9   2039280
        vault:  3kXNkNFpww5WZbbM5NTXk5CGu1LAZbPGUKkLhq6UQBLn   2039280
        vaultStake:  8bX5vZBFSLFx5fy8T44vTSF6jQLurQMD9mrapkGEPoCc   2039280
        vaultPendingWithdraw:  6DwhSs4AGutLZiBKvaMfcUjrsDYveLgKuVzTfMSzYNPq   2039280
memberSigner:  2L8Axu4wqoa91VGoM5w5snSQuCNWKBbuLhnVSLqrSr7g
start unstake
vaultPendingWithdraw:  [object Object]
vaultStake:  [object Object]
spt:  [object Object]
----------------------------------------
main_staking_program_id:  Ger7rcLu1nscJ2cFRHk6XfZdEfGL8tdhyyQDGsXUYQdE   1141440
owner:  FY3QHJREKMii9jgQCTa7bthUHZ1X6Gsbz8PWtcmcUXrd   25531392600
mint:  4bKgrJe5UNn9iZhwcBDa1gBFTYdzR9MiYQqstmMWDAJx   1461600
god:  6TjxasAK6FGWeu1eGZ4tqiigQqBPNpCwRm7ny7AR3rhd   2039280
registrar:  DmBt2Fskz9wwh3hN18mNsnzHfShtJTyX3EcUAHgufPnG
rewardQ:  5BD15ZY6DhfBjR2vszDoxBgJe22twxwu3SNy2aiZHigw
member:  Boj8uMW81UDGJydcXLzyVh9cqjrG7z3wBs8APnMZhmbz
     registrarAccount
        registrarAccount.authority:  FY3QHJREKMii9jgQCTa7bthUHZ1X6Gsbz8PWtcmcUXrd   25531392600
        registrarAccount.rewardEventQ:  5BD15ZY6DhfBjR2vszDoxBgJe22twxwu3SNy2aiZHigw   58310880
        registrarAccount.mint:  4bKgrJe5UNn9iZhwcBDa1gBFTYdzR9MiYQqstmMWDAJx   1461600
        registrarAccount.poolMint:  F8U4TUKvMAMM7i4yQTLYztxuW7PXvARurhR4i8mKNeZa   1461600
registrarSigner:  4tmdGaNjuakogTznr3pQ8HiNeKKuCF9AUsBHr2t3Tvkd   0
nonce:  undefined
poolMint:  F8U4TUKvMAMM7i4yQTLYztxuW7PXvARurhR4i8mKNeZa   1461600
   memberAccount:
   registrar:  DmBt2Fskz9wwh3hN18mNsnzHfShtJTyX3EcUAHgufPnG   1955760
   beneficiary:  FY3QHJREKMii9jgQCTa7bthUHZ1X6Gsbz8PWtcmcUXrd   25531392600
   metadata:  11111111111111111111111111111111   1
     member.balances
        spt:  3rtmuJTPD9LzGBBDGQkrkbmq4ZDAUzD59ryVnCqhjUKd   2039280
        vault:  ADKTT6CA8DAoK6Vdk9Kgw9SB9Qjkwr7hDmMn3omxGJtL   2039280
        vaultStake:  AHXrBCmBPcomLD2JpnDHmGhfaHc9UQQTtVTLkVYqK6i   2039280
        vaultPendingWithdraw:  AdMdN9ARj5QwKyhXDRrZXwzDf1yUqNYACwL4Zn7tDbX4   2039280
     member.balancesLocked
        spt:  HH2atPAbFTchLnSCiWoJskVxkuWKwq2GGSYyW5z2D7b9   2039280
        vault:  3kXNkNFpww5WZbbM5NTXk5CGu1LAZbPGUKkLhq6UQBLn   2039280
        vaultStake:  8bX5vZBFSLFx5fy8T44vTSF6jQLurQMD9mrapkGEPoCc   2039280
        vaultPendingWithdraw:  6DwhSs4AGutLZiBKvaMfcUjrsDYveLgKuVzTfMSzYNPq   2039280
memberSigner:  2L8Axu4wqoa91VGoM5w5snSQuCNWKBbuLhnVSLqrSr7g
wait 5 seconds .....
#########
invoke end_unstake
End endUnstake
#########

main_staking_program_id:  Ger7rcLu1nscJ2cFRHk6XfZdEfGL8tdhyyQDGsXUYQdE   1141440
owner:  FY3QHJREKMii9jgQCTa7bthUHZ1X6Gsbz8PWtcmcUXrd   25531387600
mint:  4bKgrJe5UNn9iZhwcBDa1gBFTYdzR9MiYQqstmMWDAJx   1461600
god:  6TjxasAK6FGWeu1eGZ4tqiigQqBPNpCwRm7ny7AR3rhd   2039280
registrar:  DmBt2Fskz9wwh3hN18mNsnzHfShtJTyX3EcUAHgufPnG
rewardQ:  5BD15ZY6DhfBjR2vszDoxBgJe22twxwu3SNy2aiZHigw
member:  Boj8uMW81UDGJydcXLzyVh9cqjrG7z3wBs8APnMZhmbz
     registrarAccount
        registrarAccount.authority:  FY3QHJREKMii9jgQCTa7bthUHZ1X6Gsbz8PWtcmcUXrd   25531387600
        registrarAccount.rewardEventQ:  5BD15ZY6DhfBjR2vszDoxBgJe22twxwu3SNy2aiZHigw   58310880
        registrarAccount.mint:  4bKgrJe5UNn9iZhwcBDa1gBFTYdzR9MiYQqstmMWDAJx   1461600
        registrarAccount.poolMint:  F8U4TUKvMAMM7i4yQTLYztxuW7PXvARurhR4i8mKNeZa   1461600
registrarSigner:  4tmdGaNjuakogTznr3pQ8HiNeKKuCF9AUsBHr2t3Tvkd   0
nonce:  undefined
poolMint:  F8U4TUKvMAMM7i4yQTLYztxuW7PXvARurhR4i8mKNeZa   1461600
   memberAccount:
   registrar:  DmBt2Fskz9wwh3hN18mNsnzHfShtJTyX3EcUAHgufPnG   1955760
   beneficiary:  FY3QHJREKMii9jgQCTa7bthUHZ1X6Gsbz8PWtcmcUXrd   25531387600
   metadata:  11111111111111111111111111111111   1
     member.balances
        spt:  3rtmuJTPD9LzGBBDGQkrkbmq4ZDAUzD59ryVnCqhjUKd   2039280
        vault:  ADKTT6CA8DAoK6Vdk9Kgw9SB9Qjkwr7hDmMn3omxGJtL   2039280
        vaultStake:  AHXrBCmBPcomLD2JpnDHmGhfaHc9UQQTtVTLkVYqK6i   2039280
        vaultPendingWithdraw:  AdMdN9ARj5QwKyhXDRrZXwzDf1yUqNYACwL4Zn7tDbX4   2039280
     member.balancesLocked
        spt:  HH2atPAbFTchLnSCiWoJskVxkuWKwq2GGSYyW5z2D7b9   2039280
        vault:  3kXNkNFpww5WZbbM5NTXk5CGu1LAZbPGUKkLhq6UQBLn   2039280
        vaultStake:  8bX5vZBFSLFx5fy8T44vTSF6jQLurQMD9mrapkGEPoCc   2039280
        vaultPendingWithdraw:  6DwhSs4AGutLZiBKvaMfcUjrsDYveLgKuVzTfMSzYNPq   2039280
memberSigner:  2L8Axu4wqoa91VGoM5w5snSQuCNWKBbuLhnVSLqrSr7g
11 tokenAccount:  {
  mint: PublicKey {
    _bn: <BN: 355df015508fe54133697c731427f076c94059f2d0922d5bb76cd6da4e758005>
  },
  owner: PublicKey {
    _bn: <BN: d7f7565a85e6782576d35b2ec8438d9d97559e6f2505cc9a8d5602b8942dc79e>
  },
  amount: <BN: 3e8>,
  delegateOption: 0,
  delegate: null,
  state: 1,
  isNativeOption: 0,
  isNative: false,
  delegatedAmount: <BN: 0>,
  closeAuthorityOption: 0,
  closeAuthority: null,
  isInitialized: true,
  isFrozen: false,
  rentExemptReserve: null
}
----------------------------------------
main_staking_program_id:  Ger7rcLu1nscJ2cFRHk6XfZdEfGL8tdhyyQDGsXUYQdE   1141440
owner:  FY3QHJREKMii9jgQCTa7bthUHZ1X6Gsbz8PWtcmcUXrd   25529333320
mint:  4bKgrJe5UNn9iZhwcBDa1gBFTYdzR9MiYQqstmMWDAJx   1461600
god:  6TjxasAK6FGWeu1eGZ4tqiigQqBPNpCwRm7ny7AR3rhd   2039280
registrar:  DmBt2Fskz9wwh3hN18mNsnzHfShtJTyX3EcUAHgufPnG
rewardQ:  5BD15ZY6DhfBjR2vszDoxBgJe22twxwu3SNy2aiZHigw
member:  Boj8uMW81UDGJydcXLzyVh9cqjrG7z3wBs8APnMZhmbz
     registrarAccount
        registrarAccount.authority:  FY3QHJREKMii9jgQCTa7bthUHZ1X6Gsbz8PWtcmcUXrd   25529333320
        registrarAccount.rewardEventQ:  5BD15ZY6DhfBjR2vszDoxBgJe22twxwu3SNy2aiZHigw   58310880
        registrarAccount.mint:  4bKgrJe5UNn9iZhwcBDa1gBFTYdzR9MiYQqstmMWDAJx   1461600
        registrarAccount.poolMint:  F8U4TUKvMAMM7i4yQTLYztxuW7PXvARurhR4i8mKNeZa   1461600
registrarSigner:  4tmdGaNjuakogTznr3pQ8HiNeKKuCF9AUsBHr2t3Tvkd   0
nonce:  undefined
poolMint:  F8U4TUKvMAMM7i4yQTLYztxuW7PXvARurhR4i8mKNeZa   1461600
   memberAccount:
   registrar:  DmBt2Fskz9wwh3hN18mNsnzHfShtJTyX3EcUAHgufPnG   1955760
   beneficiary:  FY3QHJREKMii9jgQCTa7bthUHZ1X6Gsbz8PWtcmcUXrd   25529333320
   metadata:  11111111111111111111111111111111   1
     member.balances
        spt:  3rtmuJTPD9LzGBBDGQkrkbmq4ZDAUzD59ryVnCqhjUKd   2039280
        vault:  ADKTT6CA8DAoK6Vdk9Kgw9SB9Qjkwr7hDmMn3omxGJtL   2039280
        vaultStake:  AHXrBCmBPcomLD2JpnDHmGhfaHc9UQQTtVTLkVYqK6i   2039280
        vaultPendingWithdraw:  AdMdN9ARj5QwKyhXDRrZXwzDf1yUqNYACwL4Zn7tDbX4   2039280
     member.balancesLocked
        spt:  HH2atPAbFTchLnSCiWoJskVxkuWKwq2GGSYyW5z2D7b9   2039280
        vault:  3kXNkNFpww5WZbbM5NTXk5CGu1LAZbPGUKkLhq6UQBLn   2039280
        vaultStake:  8bX5vZBFSLFx5fy8T44vTSF6jQLurQMD9mrapkGEPoCc   2039280
        vaultPendingWithdraw:  6DwhSs4AGutLZiBKvaMfcUjrsDYveLgKuVzTfMSzYNPq   2039280
memberSigner:  2L8Axu4wqoa91VGoM5w5snSQuCNWKBbuLhnVSLqrSr7g
main_staking_program_id:  Ger7rcLu1nscJ2cFRHk6XfZdEfGL8tdhyyQDGsXUYQdE   1141440
owner:  FY3QHJREKMii9jgQCTa7bthUHZ1X6Gsbz8PWtcmcUXrd   25529333320
mint:  4bKgrJe5UNn9iZhwcBDa1gBFTYdzR9MiYQqstmMWDAJx   1461600
god:  6TjxasAK6FGWeu1eGZ4tqiigQqBPNpCwRm7ny7AR3rhd   2039280
registrar:  DmBt2Fskz9wwh3hN18mNsnzHfShtJTyX3EcUAHgufPnG
rewardQ:  5BD15ZY6DhfBjR2vszDoxBgJe22twxwu3SNy2aiZHigw
member:  Boj8uMW81UDGJydcXLzyVh9cqjrG7z3wBs8APnMZhmbz
     registrarAccount
        registrarAccount.authority:  FY3QHJREKMii9jgQCTa7bthUHZ1X6Gsbz8PWtcmcUXrd   25529333320
        registrarAccount.rewardEventQ:  5BD15ZY6DhfBjR2vszDoxBgJe22twxwu3SNy2aiZHigw   58310880
        registrarAccount.mint:  4bKgrJe5UNn9iZhwcBDa1gBFTYdzR9MiYQqstmMWDAJx   1461600
        registrarAccount.poolMint:  F8U4TUKvMAMM7i4yQTLYztxuW7PXvARurhR4i8mKNeZa   1461600
registrarSigner:  4tmdGaNjuakogTznr3pQ8HiNeKKuCF9AUsBHr2t3Tvkd   0
nonce:  undefined
poolMint:  F8U4TUKvMAMM7i4yQTLYztxuW7PXvARurhR4i8mKNeZa   1461600
   memberAccount:
   registrar:  DmBt2Fskz9wwh3hN18mNsnzHfShtJTyX3EcUAHgufPnG   1955760
   beneficiary:  FY3QHJREKMii9jgQCTa7bthUHZ1X6Gsbz8PWtcmcUXrd   25529333320
   metadata:  11111111111111111111111111111111   1
     member.balances
        spt:  3rtmuJTPD9LzGBBDGQkrkbmq4ZDAUzD59ryVnCqhjUKd   2039280
        vault:  ADKTT6CA8DAoK6Vdk9Kgw9SB9Qjkwr7hDmMn3omxGJtL   2039280
        vaultStake:  AHXrBCmBPcomLD2JpnDHmGhfaHc9UQQTtVTLkVYqK6i   2039280
        vaultPendingWithdraw:  AdMdN9ARj5QwKyhXDRrZXwzDf1yUqNYACwL4Zn7tDbX4   2039280
     member.balancesLocked
        spt:  HH2atPAbFTchLnSCiWoJskVxkuWKwq2GGSYyW5z2D7b9   2039280
        vault:  3kXNkNFpww5WZbbM5NTXk5CGu1LAZbPGUKkLhq6UQBLn   2039280
        vaultStake:  8bX5vZBFSLFx5fy8T44vTSF6jQLurQMD9mrapkGEPoCc   2039280
        vaultPendingWithdraw:  6DwhSs4AGutLZiBKvaMfcUjrsDYveLgKuVzTfMSzYNPq   2039280
memberSigner:  2L8Axu4wqoa91VGoM5w5snSQuCNWKBbuLhnVSLqrSr7g
Success
