➜  demo_main_flow git:(integration/devnet) ✗ node step03_client_deposit_and_stake_token_program.js
Running client.
----------------------------------------
Start Setup
main_staking_program_id:  Ger7rcLu1nscJ2cFRHk6XfZdEfGL8tdhyyQDGsXUYQdE   1141440
owner:  FY3QHJREKMii9jgQCTa7bthUHZ1X6Gsbz8PWtcmcUXrd   25559676680
mint:  4bKgrJe5UNn9iZhwcBDa1gBFTYdzR9MiYQqstmMWDAJx   1461600
god:  6TjxasAK6FGWeu1eGZ4tqiigQqBPNpCwRm7ny7AR3rhd   2039280
registrar:  DmBt2Fskz9wwh3hN18mNsnzHfShtJTyX3EcUAHgufPnG
rewardQ:  5BD15ZY6DhfBjR2vszDoxBgJe22twxwu3SNy2aiZHigw
member:  Boj8uMW81UDGJydcXLzyVh9cqjrG7z3wBs8APnMZhmbz
     registrarAccount
        registrarAccount.authority:  FY3QHJREKMii9jgQCTa7bthUHZ1X6Gsbz8PWtcmcUXrd   25559676680
        registrarAccount.rewardEventQ:  5BD15ZY6DhfBjR2vszDoxBgJe22twxwu3SNy2aiZHigw   58310880
        registrarAccount.mint:  4bKgrJe5UNn9iZhwcBDa1gBFTYdzR9MiYQqstmMWDAJx   1461600
        registrarAccount.poolMint:  F8U4TUKvMAMM7i4yQTLYztxuW7PXvARurhR4i8mKNeZa   1461600
registrarSigner:  4tmdGaNjuakogTznr3pQ8HiNeKKuCF9AUsBHr2t3Tvkd   0
nonce:  undefined
poolMint:  F8U4TUKvMAMM7i4yQTLYztxuW7PXvARurhR4i8mKNeZa   1461600
----------------------------------------
create member
----------------------------------------
main_staking_program_id:  Ger7rcLu1nscJ2cFRHk6XfZdEfGL8tdhyyQDGsXUYQdE   1141440
owner:  FY3QHJREKMii9jgQCTa7bthUHZ1X6Gsbz8PWtcmcUXrd   25539815480
mint:  4bKgrJe5UNn9iZhwcBDa1gBFTYdzR9MiYQqstmMWDAJx   1461600
god:  6TjxasAK6FGWeu1eGZ4tqiigQqBPNpCwRm7ny7AR3rhd   2039280
registrar:  DmBt2Fskz9wwh3hN18mNsnzHfShtJTyX3EcUAHgufPnG
rewardQ:  5BD15ZY6DhfBjR2vszDoxBgJe22twxwu3SNy2aiZHigw
member:  Boj8uMW81UDGJydcXLzyVh9cqjrG7z3wBs8APnMZhmbz
     registrarAccount
        registrarAccount.authority:  FY3QHJREKMii9jgQCTa7bthUHZ1X6Gsbz8PWtcmcUXrd   25539815480
        registrarAccount.rewardEventQ:  5BD15ZY6DhfBjR2vszDoxBgJe22twxwu3SNy2aiZHigw   58310880
        registrarAccount.mint:  4bKgrJe5UNn9iZhwcBDa1gBFTYdzR9MiYQqstmMWDAJx   1461600
        registrarAccount.poolMint:  F8U4TUKvMAMM7i4yQTLYztxuW7PXvARurhR4i8mKNeZa   1461600
registrarSigner:  4tmdGaNjuakogTznr3pQ8HiNeKKuCF9AUsBHr2t3Tvkd   0
nonce:  undefined
poolMint:  F8U4TUKvMAMM7i4yQTLYztxuW7PXvARurhR4i8mKNeZa   1461600
   memberAccount:
   registrar:  DmBt2Fskz9wwh3hN18mNsnzHfShtJTyX3EcUAHgufPnG   1955760
   beneficiary:  FY3QHJREKMii9jgQCTa7bthUHZ1X6Gsbz8PWtcmcUXrd   25539815480
   metadata:  11111111111111111111111111111111   1
     member.balances
        spt:  3rtmuJTPD9LzGBBDGQkrkbmq4ZDAUzD59ryVnCqhjUKd   2039280
        vault:  ADKTT6CA8DAoK6Vdk9Kgw9SB9Qjkwr7hDmMn3omxGJtL   2039280
        vaultStake:  AHXrBCmBPcomLD2JpnDHmGhfaHc9UQQTtVTLkVYqK6i   2039280
        vaultPendingWithdraw:  AdMdN9ARj5QwKyhXDRrZXwzDf1yUqNYACwL4Zn7tDbX4   2039280
     member.balancesLocked
        spt:  HH2atPAbFTchLnSCiWoJskVxkuWKwq2GGSYyW5z2D7b9   2039280
        vault:  3kXNkNFpww5WZbbM5NTXk5CGu1LAZbPGUKkLhq6UQBLn   2039280
        vaultStake:  8bX5vZBFSLFx5fy8T44vTSF6jQLurQMD9mrapkGEPoCc   2039280
        vaultPendingWithdraw:  6DwhSs4AGutLZiBKvaMfcUjrsDYveLgKuVzTfMSzYNPq   2039280
memberSigner:  2L8Axu4wqoa91VGoM5w5snSQuCNWKBbuLhnVSLqrSr7g
     balances
        spt:  3rtmuJTPD9LzGBBDGQkrkbmq4ZDAUzD59ryVnCqhjUKd   2039280
        vault:  ADKTT6CA8DAoK6Vdk9Kgw9SB9Qjkwr7hDmMn3omxGJtL   2039280
        vaultStake:  AHXrBCmBPcomLD2JpnDHmGhfaHc9UQQTtVTLkVYqK6i   2039280
        vaultPendingWithdraw:  AdMdN9ARj5QwKyhXDRrZXwzDf1yUqNYACwL4Zn7tDbX4   2039280
     balancesLocked
        spt:  HH2atPAbFTchLnSCiWoJskVxkuWKwq2GGSYyW5z2D7b9   2039280
        vault:  3kXNkNFpww5WZbbM5NTXk5CGu1LAZbPGUKkLhq6UQBLn   2039280
        vaultStake:  8bX5vZBFSLFx5fy8T44vTSF6jQLurQMD9mrapkGEPoCc   2039280
        vaultPendingWithdraw:  6DwhSs4AGutLZiBKvaMfcUjrsDYveLgKuVzTfMSzYNPq   2039280
########
invoke deposit Token
invoke serum common get token account from member account balances vault
memberVault.mint:  4bKgrJe5UNn9iZhwcBDa1gBFTYdzR9MiYQqstmMWDAJx   1461600
memberVault.owner:  2L8Axu4wqoa91VGoM5w5snSQuCNWKBbuLhnVSLqrSr7g   0
########
----------------------------------------
main_staking_program_id:  Ger7rcLu1nscJ2cFRHk6XfZdEfGL8tdhyyQDGsXUYQdE   1141440
owner:  FY3QHJREKMii9jgQCTa7bthUHZ1X6Gsbz8PWtcmcUXrd   25539810480
mint:  4bKgrJe5UNn9iZhwcBDa1gBFTYdzR9MiYQqstmMWDAJx   1461600
god:  6TjxasAK6FGWeu1eGZ4tqiigQqBPNpCwRm7ny7AR3rhd   2039280
registrar:  DmBt2Fskz9wwh3hN18mNsnzHfShtJTyX3EcUAHgufPnG
rewardQ:  5BD15ZY6DhfBjR2vszDoxBgJe22twxwu3SNy2aiZHigw
member:  Boj8uMW81UDGJydcXLzyVh9cqjrG7z3wBs8APnMZhmbz
     registrarAccount
        registrarAccount.authority:  FY3QHJREKMii9jgQCTa7bthUHZ1X6Gsbz8PWtcmcUXrd   25539810480
        registrarAccount.rewardEventQ:  5BD15ZY6DhfBjR2vszDoxBgJe22twxwu3SNy2aiZHigw   58310880
        registrarAccount.mint:  4bKgrJe5UNn9iZhwcBDa1gBFTYdzR9MiYQqstmMWDAJx   1461600
        registrarAccount.poolMint:  F8U4TUKvMAMM7i4yQTLYztxuW7PXvARurhR4i8mKNeZa   1461600
registrarSigner:  4tmdGaNjuakogTznr3pQ8HiNeKKuCF9AUsBHr2t3Tvkd   0
nonce:  undefined
poolMint:  F8U4TUKvMAMM7i4yQTLYztxuW7PXvARurhR4i8mKNeZa   1461600
   memberAccount:
   registrar:  DmBt2Fskz9wwh3hN18mNsnzHfShtJTyX3EcUAHgufPnG   1955760
   beneficiary:  FY3QHJREKMii9jgQCTa7bthUHZ1X6Gsbz8PWtcmcUXrd   25539810480
   metadata:  11111111111111111111111111111111   1
     member.balances
        spt:  3rtmuJTPD9LzGBBDGQkrkbmq4ZDAUzD59ryVnCqhjUKd   2039280
        vault:  ADKTT6CA8DAoK6Vdk9Kgw9SB9Qjkwr7hDmMn3omxGJtL   2039280
        vaultStake:  AHXrBCmBPcomLD2JpnDHmGhfaHc9UQQTtVTLkVYqK6i   2039280
        vaultPendingWithdraw:  AdMdN9ARj5QwKyhXDRrZXwzDf1yUqNYACwL4Zn7tDbX4   2039280
     member.balancesLocked
        spt:  HH2atPAbFTchLnSCiWoJskVxkuWKwq2GGSYyW5z2D7b9   2039280
        vault:  3kXNkNFpww5WZbbM5NTXk5CGu1LAZbPGUKkLhq6UQBLn   2039280
        vaultStake:  8bX5vZBFSLFx5fy8T44vTSF6jQLurQMD9mrapkGEPoCc   2039280
        vaultPendingWithdraw:  6DwhSs4AGutLZiBKvaMfcUjrsDYveLgKuVzTfMSzYNPq   2039280
memberSigner:  2L8Axu4wqoa91VGoM5w5snSQuCNWKBbuLhnVSLqrSr7g
     balances
        spt:  3rtmuJTPD9LzGBBDGQkrkbmq4ZDAUzD59ryVnCqhjUKd   2039280
        vault:  ADKTT6CA8DAoK6Vdk9Kgw9SB9Qjkwr7hDmMn3omxGJtL   2039280
        vaultStake:  AHXrBCmBPcomLD2JpnDHmGhfaHc9UQQTtVTLkVYqK6i   2039280
        vaultPendingWithdraw:  AdMdN9ARj5QwKyhXDRrZXwzDf1yUqNYACwL4Zn7tDbX4   2039280
     balancesLocked
        spt:  HH2atPAbFTchLnSCiWoJskVxkuWKwq2GGSYyW5z2D7b9   2039280
        vault:  3kXNkNFpww5WZbbM5NTXk5CGu1LAZbPGUKkLhq6UQBLn   2039280
        vaultStake:  8bX5vZBFSLFx5fy8T44vTSF6jQLurQMD9mrapkGEPoCc   2039280
        vaultPendingWithdraw:  6DwhSs4AGutLZiBKvaMfcUjrsDYveLgKuVzTfMSzYNPq   2039280
****************
invoke stake for unlocked member
  vault
   mint:  4bKgrJe5UNn9iZhwcBDa1gBFTYdzR9MiYQqstmMWDAJx   1461600
   owner:  2L8Axu4wqoa91VGoM5w5snSQuCNWKBbuLhnVSLqrSr7g   0
   amount:  4444
   delegated amount:  0
  vaultStake
   mint:  4bKgrJe5UNn9iZhwcBDa1gBFTYdzR9MiYQqstmMWDAJx   1461600
   owner:  2L8Axu4wqoa91VGoM5w5snSQuCNWKBbuLhnVSLqrSr7g   0
   amount:  4444
   delegated amount:  0
  spt
   mint:  F8U4TUKvMAMM7i4yQTLYztxuW7PXvARurhR4i8mKNeZa   1461600
   owner:  2L8Axu4wqoa91VGoM5w5snSQuCNWKBbuLhnVSLqrSr7g   0
   amount:  2222
   delegated amount:  0
----------------------------------------
main_staking_program_id:  Ger7rcLu1nscJ2cFRHk6XfZdEfGL8tdhyyQDGsXUYQdE   1141440
owner:  FY3QHJREKMii9jgQCTa7bthUHZ1X6Gsbz8PWtcmcUXrd   25539805480
mint:  4bKgrJe5UNn9iZhwcBDa1gBFTYdzR9MiYQqstmMWDAJx   1461600
god:  6TjxasAK6FGWeu1eGZ4tqiigQqBPNpCwRm7ny7AR3rhd   2039280
registrar:  DmBt2Fskz9wwh3hN18mNsnzHfShtJTyX3EcUAHgufPnG
rewardQ:  5BD15ZY6DhfBjR2vszDoxBgJe22twxwu3SNy2aiZHigw
member:  Boj8uMW81UDGJydcXLzyVh9cqjrG7z3wBs8APnMZhmbz
     registrarAccount
        registrarAccount.authority:  FY3QHJREKMii9jgQCTa7bthUHZ1X6Gsbz8PWtcmcUXrd   25539805480
        registrarAccount.rewardEventQ:  5BD15ZY6DhfBjR2vszDoxBgJe22twxwu3SNy2aiZHigw   58310880
        registrarAccount.mint:  4bKgrJe5UNn9iZhwcBDa1gBFTYdzR9MiYQqstmMWDAJx   1461600
        registrarAccount.poolMint:  F8U4TUKvMAMM7i4yQTLYztxuW7PXvARurhR4i8mKNeZa   1461600
registrarSigner:  4tmdGaNjuakogTznr3pQ8HiNeKKuCF9AUsBHr2t3Tvkd   0
nonce:  undefined
poolMint:  F8U4TUKvMAMM7i4yQTLYztxuW7PXvARurhR4i8mKNeZa   1461600
   memberAccount:
   registrar:  DmBt2Fskz9wwh3hN18mNsnzHfShtJTyX3EcUAHgufPnG   1955760
   beneficiary:  FY3QHJREKMii9jgQCTa7bthUHZ1X6Gsbz8PWtcmcUXrd   25539805480
   metadata:  11111111111111111111111111111111   1
     member.balances
        spt:  3rtmuJTPD9LzGBBDGQkrkbmq4ZDAUzD59ryVnCqhjUKd   2039280
        vault:  ADKTT6CA8DAoK6Vdk9Kgw9SB9Qjkwr7hDmMn3omxGJtL   2039280
        vaultStake:  AHXrBCmBPcomLD2JpnDHmGhfaHc9UQQTtVTLkVYqK6i   2039280
        vaultPendingWithdraw:  AdMdN9ARj5QwKyhXDRrZXwzDf1yUqNYACwL4Zn7tDbX4   2039280
     member.balancesLocked
        spt:  HH2atPAbFTchLnSCiWoJskVxkuWKwq2GGSYyW5z2D7b9   2039280
        vault:  3kXNkNFpww5WZbbM5NTXk5CGu1LAZbPGUKkLhq6UQBLn   2039280
        vaultStake:  8bX5vZBFSLFx5fy8T44vTSF6jQLurQMD9mrapkGEPoCc   2039280
        vaultPendingWithdraw:  6DwhSs4AGutLZiBKvaMfcUjrsDYveLgKuVzTfMSzYNPq   2039280
memberSigner:  2L8Axu4wqoa91VGoM5w5snSQuCNWKBbuLhnVSLqrSr7g
     balances
        spt:  3rtmuJTPD9LzGBBDGQkrkbmq4ZDAUzD59ryVnCqhjUKd   2039280
        vault:  ADKTT6CA8DAoK6Vdk9Kgw9SB9Qjkwr7hDmMn3omxGJtL   2039280
        vaultStake:  AHXrBCmBPcomLD2JpnDHmGhfaHc9UQQTtVTLkVYqK6i   2039280
        vaultPendingWithdraw:  AdMdN9ARj5QwKyhXDRrZXwzDf1yUqNYACwL4Zn7tDbX4   2039280
     balancesLocked
        spt:  HH2atPAbFTchLnSCiWoJskVxkuWKwq2GGSYyW5z2D7b9   2039280
        vault:  3kXNkNFpww5WZbbM5NTXk5CGu1LAZbPGUKkLhq6UQBLn   2039280
        vaultStake:  8bX5vZBFSLFx5fy8T44vTSF6jQLurQMD9mrapkGEPoCc   2039280
        vaultPendingWithdraw:  6DwhSs4AGutLZiBKvaMfcUjrsDYveLgKuVzTfMSzYNPq   2039280

Write config:  {
  programId: 'Ger7rcLu1nscJ2cFRHk6XfZdEfGL8tdhyyQDGsXUYQdE',
  owner: 'FY3QHJREKMii9jgQCTa7bthUHZ1X6Gsbz8PWtcmcUXrd',
  token: '4bKgrJe5UNn9iZhwcBDa1gBFTYdzR9MiYQqstmMWDAJx',
  vault: '6TjxasAK6FGWeu1eGZ4tqiigQqBPNpCwRm7ny7AR3rhd',
  poolMint: 'F8U4TUKvMAMM7i4yQTLYztxuW7PXvARurhR4i8mKNeZa',
  registrarSigner: '4tmdGaNjuakogTznr3pQ8HiNeKKuCF9AUsBHr2t3Tvkd',
  registrar: 'DmBt2Fskz9wwh3hN18mNsnzHfShtJTyX3EcUAHgufPnG',
  registrar_authority: 'FY3QHJREKMii9jgQCTa7bthUHZ1X6Gsbz8PWtcmcUXrd',
  registrar_rewardEventQ: '5BD15ZY6DhfBjR2vszDoxBgJe22twxwu3SNy2aiZHigw',
  registrar_mint: '4bKgrJe5UNn9iZhwcBDa1gBFTYdzR9MiYQqstmMWDAJx',
  member: 'Boj8uMW81UDGJydcXLzyVh9cqjrG7z3wBs8APnMZhmbz',
  memberSigner: '2L8Axu4wqoa91VGoM5w5snSQuCNWKBbuLhnVSLqrSr7g',
  unlockedVendor: 'C9WbPZ8jaRJPzfQaU6kZFkEh5cR3EHtQsAXnGvAysZkP',
  unlockedVendorVault: 'BBPWvdwkocoVmF2TVVNsrAfRSW7k3T1mZoy89UurXS5w',
  unlockedVendorSigner: '9LJYTHkqcp3j22y5pkJgkACikS5np3QRF3VGnkBHL3Gf'
}
Success