➜  demo_main_flow git:(integration/devnet) ✗ node step02_init_staking_program.js
Running client.
----------------------------------------
Start Setup
#########################
Start Log State

main_staking_program_id:  Ger7rcLu1nscJ2cFRHk6XfZdEfGL8tdhyyQDGsXUYQdE   1141440
owner:  FY3QHJREKMii9jgQCTa7bthUHZ1X6Gsbz8PWtcmcUXrd   25621429920
mint:  4bKgrJe5UNn9iZhwcBDa1gBFTYdzR9MiYQqstmMWDAJx   1461600
god:  6TjxasAK6FGWeu1eGZ4tqiigQqBPNpCwRm7ny7AR3rhd   2039280
registrar:  DmBt2Fskz9wwh3hN18mNsnzHfShtJTyX3EcUAHgufPnG
rewardQ:  5BD15ZY6DhfBjR2vszDoxBgJe22twxwu3SNy2aiZHigw
member:  6aQbiov4nJxJfptsKdFwLK8S49sbUKQREaYryZxWnyB1
pendingWithdrawal:  ETXGgLReznW7UpgfLjkvQ8gBW5NV8kpJKELmxrBK7hh3
unlockedVendor:  Db44BHfXVs4Kaq8qZFtVzJ3LJP2YJAYWSXhC6uuonres
unlockedVendorVault:  2NN8yaV93qGUDXocY8KkFXYpfioLS46Xgrb9nGvWtoau
registrar.publicKey:  DmBt2Fskz9wwh3hN18mNsnzHfShtJTyX3EcUAHgufPnG   0
registrarSigner:  null
nonce:  null
poolMint:  null
memberAccount:  null
memberSigner:  null
unlockedVendorSigner:  null

End Log State
#########################
----------------------------------------
create_registry_genesis
 poolMint:  F8U4TUKvMAMM7i4yQTLYztxuW7PXvARurhR4i8mKNeZa   1461600
 registrarSigner:  4tmdGaNjuakogTznr3pQ8HiNeKKuCF9AUsBHr2t3Tvkd   0
 nonce:  253
----------------------------------------
#########################
Start Log State

main_staking_program_id:  Ger7rcLu1nscJ2cFRHk6XfZdEfGL8tdhyyQDGsXUYQdE   1141440
owner:  FY3QHJREKMii9jgQCTa7bthUHZ1X6Gsbz8PWtcmcUXrd   25619958320
mint:  4bKgrJe5UNn9iZhwcBDa1gBFTYdzR9MiYQqstmMWDAJx   1461600
god:  6TjxasAK6FGWeu1eGZ4tqiigQqBPNpCwRm7ny7AR3rhd   2039280
registrar:  DmBt2Fskz9wwh3hN18mNsnzHfShtJTyX3EcUAHgufPnG
rewardQ:  5BD15ZY6DhfBjR2vszDoxBgJe22twxwu3SNy2aiZHigw
member:  6aQbiov4nJxJfptsKdFwLK8S49sbUKQREaYryZxWnyB1
pendingWithdrawal:  ETXGgLReznW7UpgfLjkvQ8gBW5NV8kpJKELmxrBK7hh3
unlockedVendor:  Db44BHfXVs4Kaq8qZFtVzJ3LJP2YJAYWSXhC6uuonres
unlockedVendorVault:  2NN8yaV93qGUDXocY8KkFXYpfioLS46Xgrb9nGvWtoau
registrar.publicKey:  DmBt2Fskz9wwh3hN18mNsnzHfShtJTyX3EcUAHgufPnG   0
registrarSigner:  4tmdGaNjuakogTznr3pQ8HiNeKKuCF9AUsBHr2t3Tvkd   0
nonce:  253
poolMint:  F8U4TUKvMAMM7i4yQTLYztxuW7PXvARurhR4i8mKNeZa   1461600
memberAccount:  null
memberSigner:  null
unlockedVendorSigner:  null

End Log State
#########################
----------------------------------------
initialize_registrar
----------------------------------------
#########################
Start Log State

main_staking_program_id:  Ger7rcLu1nscJ2cFRHk6XfZdEfGL8tdhyyQDGsXUYQdE   1141440
owner:  FY3QHJREKMii9jgQCTa7bthUHZ1X6Gsbz8PWtcmcUXrd   25559676680
mint:  4bKgrJe5UNn9iZhwcBDa1gBFTYdzR9MiYQqstmMWDAJx   1461600
god:  6TjxasAK6FGWeu1eGZ4tqiigQqBPNpCwRm7ny7AR3rhd   2039280
registrar:  DmBt2Fskz9wwh3hN18mNsnzHfShtJTyX3EcUAHgufPnG
rewardQ:  5BD15ZY6DhfBjR2vszDoxBgJe22twxwu3SNy2aiZHigw
member:  6aQbiov4nJxJfptsKdFwLK8S49sbUKQREaYryZxWnyB1
pendingWithdrawal:  ETXGgLReznW7UpgfLjkvQ8gBW5NV8kpJKELmxrBK7hh3
unlockedVendor:  Db44BHfXVs4Kaq8qZFtVzJ3LJP2YJAYWSXhC6uuonres
unlockedVendorVault:  2NN8yaV93qGUDXocY8KkFXYpfioLS46Xgrb9nGvWtoau
registrar.publicKey:  DmBt2Fskz9wwh3hN18mNsnzHfShtJTyX3EcUAHgufPnG   1955760
registrarAccount.authority:  FY3QHJREKMii9jgQCTa7bthUHZ1X6Gsbz8PWtcmcUXrd   25559676680
registrarAccount.rewardEventQ:  5BD15ZY6DhfBjR2vszDoxBgJe22twxwu3SNy2aiZHigw   58310880
registrarAccount.mint:  4bKgrJe5UNn9iZhwcBDa1gBFTYdzR9MiYQqstmMWDAJx   1461600
registrarAccount.stakeRate:  2 %
registrarAccount.withdrawalTimelock:  4
registrarSigner:  4tmdGaNjuakogTznr3pQ8HiNeKKuCF9AUsBHr2t3Tvkd   0
nonce:  253
poolMint:  F8U4TUKvMAMM7i4yQTLYztxuW7PXvARurhR4i8mKNeZa   1461600
memberAccount:  null
memberSigner:  null
unlockedVendorSigner:  null

End Log State
#########################
Write config:  {
  programId: 'Ger7rcLu1nscJ2cFRHk6XfZdEfGL8tdhyyQDGsXUYQdE',
  owner: 'FY3QHJREKMii9jgQCTa7bthUHZ1X6Gsbz8PWtcmcUXrd',
  token: '4bKgrJe5UNn9iZhwcBDa1gBFTYdzR9MiYQqstmMWDAJx',
  vault: '6TjxasAK6FGWeu1eGZ4tqiigQqBPNpCwRm7ny7AR3rhd',
  poolMint: 'F8U4TUKvMAMM7i4yQTLYztxuW7PXvARurhR4i8mKNeZa',
  registrarSigner: '4tmdGaNjuakogTznr3pQ8HiNeKKuCF9AUsBHr2t3Tvkd',
  registrar: 'DmBt2Fskz9wwh3hN18mNsnzHfShtJTyX3EcUAHgufPnG',
  registrar_authority: 'FY3QHJREKMii9jgQCTa7bthUHZ1X6Gsbz8PWtcmcUXrd',
  registrar_rewardEventQ: '5BD15ZY6DhfBjR2vszDoxBgJe22twxwu3SNy2aiZHigw',
  registrar_mint: '4bKgrJe5UNn9iZhwcBDa1gBFTYdzR9MiYQqstmMWDAJx',
  member: 'BPFPT6uUxjL4Kg4MphFjSM1DwRtUTfLe6SZXVAHgihso',
  memberSigner: 'FMXepuVzxD9BRmFeMoTrTA74fZRPuCZ2w3WJkkQ45Jga',
  unlockedVendor: 'C9WbPZ8jaRJPzfQaU6kZFkEh5cR3EHtQsAXnGvAysZkP',
  unlockedVendorVault: 'BBPWvdwkocoVmF2TVVNsrAfRSW7k3T1mZoy89UurXS5w',
  unlockedVendorSigner: '9LJYTHkqcp3j22y5pkJgkACikS5np3QRF3VGnkBHL3Gf'
}
----------------------------------------
Success
➜  demo_main_flow git:(integration/devnet) ✗