➜  demo_main_flow git:(integration/devnet) ✗ node step04_drop_reward.js
Running client.
----------------------------------------
Start Setup
-----------------------
drop unlocked reward
   vendorAccount
   registrar:  DmBt2Fskz9wwh3hN18mNsnzHfShtJTyX3EcUAHgufPnG   1955760
   vault:  FQfunfztPsQz1UXDmFpmUJRi4xzxsVNp7fCj2xotnMdr   2039280
   mint:  4bKgrJe5UNn9iZhwcBDa1gBFTYdzR9MiYQqstmMWDAJx   1461600
   from:  FY3QHJREKMii9jgQCTa7bthUHZ1X6Gsbz8PWtcmcUXrd   25535252560
   poolTokenSupply:  2222
   total:  9999
   kind:  {"unlocked":{}}
rewardQAccount:  [object Object]
-----------------------
main_staking_program_id:  Ger7rcLu1nscJ2cFRHk6XfZdEfGL8tdhyyQDGsXUYQdE   1141440
owner:  FY3QHJREKMii9jgQCTa7bthUHZ1X6Gsbz8PWtcmcUXrd   25535252560
mint:  4bKgrJe5UNn9iZhwcBDa1gBFTYdzR9MiYQqstmMWDAJx   1461600
god:  6TjxasAK6FGWeu1eGZ4tqiigQqBPNpCwRm7ny7AR3rhd   2039280
registrar:  DmBt2Fskz9wwh3hN18mNsnzHfShtJTyX3EcUAHgufPnG
rewardQ:  5BD15ZY6DhfBjR2vszDoxBgJe22twxwu3SNy2aiZHigw
member:  Boj8uMW81UDGJydcXLzyVh9cqjrG7z3wBs8APnMZhmbz
     registrarAccount
        registrarAccount.authority:  FY3QHJREKMii9jgQCTa7bthUHZ1X6Gsbz8PWtcmcUXrd   25535252560
        registrarAccount.rewardEventQ:  5BD15ZY6DhfBjR2vszDoxBgJe22twxwu3SNy2aiZHigw   58310880
        registrarAccount.mint:  4bKgrJe5UNn9iZhwcBDa1gBFTYdzR9MiYQqstmMWDAJx   1461600
        registrarAccount.poolMint:  F8U4TUKvMAMM7i4yQTLYztxuW7PXvARurhR4i8mKNeZa   1461600
registrarSigner:  4tmdGaNjuakogTznr3pQ8HiNeKKuCF9AUsBHr2t3Tvkd   0
nonce:  undefined
poolMint:  F8U4TUKvMAMM7i4yQTLYztxuW7PXvARurhR4i8mKNeZa   1461600
   memberAccount:
   registrar:  DmBt2Fskz9wwh3hN18mNsnzHfShtJTyX3EcUAHgufPnG   1955760
   beneficiary:  FY3QHJREKMii9jgQCTa7bthUHZ1X6Gsbz8PWtcmcUXrd   25535252560
   metadata:  11111111111111111111111111111111   1
     member.balances
        spt:  3rtmuJTPD9LzGBBDGQkrkbmq4ZDAUzD59ryVnCqhjUKd   2039280
        vault:  ADKTT6CA8DAoK6Vdk9Kgw9SB9Qjkwr7hDmMn3omxGJtL   2039280
        vaultStake:  AHXrBCmBPcomLD2JpnDHmGhfaHc9UQQTtVTLkVYqK6i   2039280
        vaultPendingWithdraw:  AdMdN9ARj5QwKyhXDRrZXwzDf1yUqNYACwL4Zn7tDbX4   2039280
     member.balancesLocked
        spt:  HH2atPAbFTchLnSCiWoJskVxkuWKwq2GGSYyW5z2D7b9   2039280
        vault:  3kXNkNFpww5WZbbM5NTXk5CGu1LAZbPGUKkLhq6UQBLn   2039280
        vaultStake:  8bX5vZBFSLFx5fy8T44vTSF6jQLurQMD9mrapkGEPoCc   2039280
        vaultPendingWithdraw:  6DwhSs4AGutLZiBKvaMfcUjrsDYveLgKuVzTfMSzYNPq   2039280
memberSigner:  2L8Axu4wqoa91VGoM5w5snSQuCNWKBbuLhnVSLqrSr7g
unlockedVendor:  66cSPw9qmf1dKABj9Sb3QBakA7SowmUT2GPbxseYesRy
unlockedVendorVault:  FQfunfztPsQz1UXDmFpmUJRi4xzxsVNp7fCj2xotnMdr
unlockedVendorSigner:  DvRhWFp8sE1wQfXDfmgfj7pQJUT1y8BRseKDvgGnAp71
Write config:  {
  programId: 'Ger7rcLu1nscJ2cFRHk6XfZdEfGL8tdhyyQDGsXUYQdE',
  owner: 'FY3QHJREKMii9jgQCTa7bthUHZ1X6Gsbz8PWtcmcUXrd',
  token: '4bKgrJe5UNn9iZhwcBDa1gBFTYdzR9MiYQqstmMWDAJx',
  vault: '6TjxasAK6FGWeu1eGZ4tqiigQqBPNpCwRm7ny7AR3rhd',
  poolMint: 'F8U4TUKvMAMM7i4yQTLYztxuW7PXvARurhR4i8mKNeZa',
  registrarSigner: '4tmdGaNjuakogTznr3pQ8HiNeKKuCF9AUsBHr2t3Tvkd',
  registrar: 'DmBt2Fskz9wwh3hN18mNsnzHfShtJTyX3EcUAHgufPnG',
  registrar_authority: 'FY3QHJREKMii9jgQCTa7bthUHZ1X6Gsbz8PWtcmcUXrd',
  registrar_rewardEventQ: '5BD15ZY6DhfBjR2vszDoxBgJe22twxwu3SNy2aiZHigw',
  registrar_mint: '4bKgrJe5UNn9iZhwcBDa1gBFTYdzR9MiYQqstmMWDAJx',
  member: 'Boj8uMW81UDGJydcXLzyVh9cqjrG7z3wBs8APnMZhmbz',
  memberSigner: '2L8Axu4wqoa91VGoM5w5snSQuCNWKBbuLhnVSLqrSr7g',
  unlockedVendor: '66cSPw9qmf1dKABj9Sb3QBakA7SowmUT2GPbxseYesRy',
  unlockedVendorVault: 'FQfunfztPsQz1UXDmFpmUJRi4xzxsVNp7fCj2xotnMdr',
  unlockedVendorSigner: 'DvRhWFp8sE1wQfXDfmgfj7pQJUT1y8BRseKDvgGnAp71'
}
Success
➜  demo_main_flow git:(integration/devnet) ✗