➜  demo_main_flow git:(integration/devnet) ✗ node step05_collect_reward_and_unstake.js
Running client.
----------------------------------------
Start Setup
&&&&&&&&&&
invoke claim unlocked reward

Token account:  GYdyPzXtGCwezKR4wWeh4RnQb8zHkH78EQNJ3skr2To6   2039280
Claim reward tx ID:  3Y9bEponiknj2Dkh9B1xEvcdY1UFXvy3cUUc3xMc2D8R7kyKdXwUEJetv2bN3o9xnBbBe9rZPqUSWu5fB2z1WkaK
  tokenAccount
   mint:  CHu82ZMo9fSJwAM9evgM5u86UEoJM5H8XcUjZuWXQ6XV   1461600
   owner:  FY3QHJREKMii9jgQCTa7bthUHZ1X6Gsbz8PWtcmcUXrd   25941184840
   amount:  9999
   delegated amount:  0
   memberAccount
   registrar:  4s6eYBpqXKMSk8dgBkeFNCNALTiyu28P7L1qQaqBjExN   1955760
   beneficiary:  FY3QHJREKMii9jgQCTa7bthUHZ1X6Gsbz8PWtcmcUXrd   25941184840
   metadata:  11111111111111111111111111111111   1
     member.balances
        spt:  ytJtPoqRcP7bpzYAo8pnBrVgWSfmEB43eVTDuYfYRBj   2039280
        vault:  HxYmFw1CBbVqCYFtjuTdUDi3wGfgmX2TG7PCbEPZKQLg   2039280
        vaultStake:  9tHBo5MrvUMNJG6owqaZe7geoFuyrHU1CWQxXDr9GkVy   2039280
        vaultPendingWithdraw:  2QhUx6VGicpSTFmKUurjnpYchihHR4WZQYfRjYR7A3U1   2039280
     member.balancesLocked
        spt:  GQocrNsLuhgvi1pCNqgdYq97i6Dw92JQmsbqCpwBP72o   2039280
        vault:  4tWsohYBDYuwUVCfiGkj7JMwWACU99ADRuJAK39pTUgX   2039280
        vaultStake:  4MEqGSREJNsnGLBGVwVKDYbUhWimomhC4iZ7HAqBWpWQ   2039280
        vaultPendingWithdraw:  HtLjAKmnUjQkLTCaJjN1NThd3NRUi44Q3he9jwr1Jyaj   2039280
----------------------------------------
main_staking_program_id:  Ger7rcLu1nscJ2cFRHk6XfZdEfGL8tdhyyQDGsXUYQdE   1141440
owner:  FY3QHJREKMii9jgQCTa7bthUHZ1X6Gsbz8PWtcmcUXrd   25941184840
mint:  CHu82ZMo9fSJwAM9evgM5u86UEoJM5H8XcUjZuWXQ6XV   1461600
god:  DRuuhcSdUNoReYwcjg4iLhrRy52JWfKW4938bLcrMws3   2039280
registrar:  4s6eYBpqXKMSk8dgBkeFNCNALTiyu28P7L1qQaqBjExN
rewardQ:  Gq2v4EV7yMGGuKXooEmaWyM962M9B283ja4jYE4pp6Jp
member:  5LEE7kb6yAXQjvfbaXEftSnQLTQdTp8YxSLTWs76abLJ
     registrarAccount
        registrarAccount.authority:  FY3QHJREKMii9jgQCTa7bthUHZ1X6Gsbz8PWtcmcUXrd   25941184840
        registrarAccount.rewardEventQ:  Gq2v4EV7yMGGuKXooEmaWyM962M9B283ja4jYE4pp6Jp   58310880
        registrarAccount.mint:  CHu82ZMo9fSJwAM9evgM5u86UEoJM5H8XcUjZuWXQ6XV   1461600
        registrarAccount.poolMint:  3tMnnuBEzJfYZqXLwRG2DL7FZehh9PvBaBdGWia83Lcu   1461600
registrarSigner:  DmEnsipMXe9qkUmuLtmTi3F3X9nwp6QUvheftjeozxfy   0
nonce:  undefined
poolMint:  3tMnnuBEzJfYZqXLwRG2DL7FZehh9PvBaBdGWia83Lcu   1461600
   memberAccount:
   registrar:  4s6eYBpqXKMSk8dgBkeFNCNALTiyu28P7L1qQaqBjExN   1955760
   beneficiary:  FY3QHJREKMii9jgQCTa7bthUHZ1X6Gsbz8PWtcmcUXrd   25941184840
   metadata:  11111111111111111111111111111111   1
     member.balances
        spt:  ytJtPoqRcP7bpzYAo8pnBrVgWSfmEB43eVTDuYfYRBj   2039280
        vault:  HxYmFw1CBbVqCYFtjuTdUDi3wGfgmX2TG7PCbEPZKQLg   2039280
        vaultStake:  9tHBo5MrvUMNJG6owqaZe7geoFuyrHU1CWQxXDr9GkVy   2039280
        vaultPendingWithdraw:  2QhUx6VGicpSTFmKUurjnpYchihHR4WZQYfRjYR7A3U1   2039280
     member.balancesLocked
        spt:  GQocrNsLuhgvi1pCNqgdYq97i6Dw92JQmsbqCpwBP72o   2039280
        vault:  4tWsohYBDYuwUVCfiGkj7JMwWACU99ADRuJAK39pTUgX   2039280
        vaultStake:  4MEqGSREJNsnGLBGVwVKDYbUhWimomhC4iZ7HAqBWpWQ   2039280
        vaultPendingWithdraw:  HtLjAKmnUjQkLTCaJjN1NThd3NRUi44Q3he9jwr1Jyaj   2039280
memberSigner:  28K4A1K3sQReDLW4BTtrjuGwNMNRiw7UtkDLidFUidya
start unstake
vaultPendingWithdraw:  [object Object]
vaultStake:  [object Object]
spt:  [object Object]
----------------------------------------
main_staking_program_id:  Ger7rcLu1nscJ2cFRHk6XfZdEfGL8tdhyyQDGsXUYQdE   1141440
owner:  FY3QHJREKMii9jgQCTa7bthUHZ1X6Gsbz8PWtcmcUXrd   25939379160
mint:  CHu82ZMo9fSJwAM9evgM5u86UEoJM5H8XcUjZuWXQ6XV   1461600
god:  DRuuhcSdUNoReYwcjg4iLhrRy52JWfKW4938bLcrMws3   2039280
registrar:  4s6eYBpqXKMSk8dgBkeFNCNALTiyu28P7L1qQaqBjExN
rewardQ:  Gq2v4EV7yMGGuKXooEmaWyM962M9B283ja4jYE4pp6Jp
member:  5LEE7kb6yAXQjvfbaXEftSnQLTQdTp8YxSLTWs76abLJ
     registrarAccount
        registrarAccount.authority:  FY3QHJREKMii9jgQCTa7bthUHZ1X6Gsbz8PWtcmcUXrd   25939379160
        registrarAccount.rewardEventQ:  Gq2v4EV7yMGGuKXooEmaWyM962M9B283ja4jYE4pp6Jp   58310880
        registrarAccount.mint:  CHu82ZMo9fSJwAM9evgM5u86UEoJM5H8XcUjZuWXQ6XV   1461600
        registrarAccount.poolMint:  3tMnnuBEzJfYZqXLwRG2DL7FZehh9PvBaBdGWia83Lcu   1461600
registrarSigner:  DmEnsipMXe9qkUmuLtmTi3F3X9nwp6QUvheftjeozxfy   0
nonce:  undefined
poolMint:  3tMnnuBEzJfYZqXLwRG2DL7FZehh9PvBaBdGWia83Lcu   1461600
   memberAccount:
   registrar:  4s6eYBpqXKMSk8dgBkeFNCNALTiyu28P7L1qQaqBjExN   1955760
   beneficiary:  FY3QHJREKMii9jgQCTa7bthUHZ1X6Gsbz8PWtcmcUXrd   25939379160
   metadata:  11111111111111111111111111111111   1
     member.balances
        spt:  ytJtPoqRcP7bpzYAo8pnBrVgWSfmEB43eVTDuYfYRBj   2039280
        vault:  HxYmFw1CBbVqCYFtjuTdUDi3wGfgmX2TG7PCbEPZKQLg   2039280
        vaultStake:  9tHBo5MrvUMNJG6owqaZe7geoFuyrHU1CWQxXDr9GkVy   2039280
        vaultPendingWithdraw:  2QhUx6VGicpSTFmKUurjnpYchihHR4WZQYfRjYR7A3U1   2039280
     member.balancesLocked
        spt:  GQocrNsLuhgvi1pCNqgdYq97i6Dw92JQmsbqCpwBP72o   2039280
        vault:  4tWsohYBDYuwUVCfiGkj7JMwWACU99ADRuJAK39pTUgX   2039280
        vaultStake:  4MEqGSREJNsnGLBGVwVKDYbUhWimomhC4iZ7HAqBWpWQ   2039280
        vaultPendingWithdraw:  HtLjAKmnUjQkLTCaJjN1NThd3NRUi44Q3he9jwr1Jyaj   2039280
memberSigner:  28K4A1K3sQReDLW4BTtrjuGwNMNRiw7UtkDLidFUidya
wait 5 seconds .....
#########
invoke end_unstake
End endUnstake
#########

main_staking_program_id:  Ger7rcLu1nscJ2cFRHk6XfZdEfGL8tdhyyQDGsXUYQdE   1141440
owner:  FY3QHJREKMii9jgQCTa7bthUHZ1X6Gsbz8PWtcmcUXrd   25939374160
mint:  CHu82ZMo9fSJwAM9evgM5u86UEoJM5H8XcUjZuWXQ6XV   1461600
god:  DRuuhcSdUNoReYwcjg4iLhrRy52JWfKW4938bLcrMws3   2039280
registrar:  4s6eYBpqXKMSk8dgBkeFNCNALTiyu28P7L1qQaqBjExN
rewardQ:  Gq2v4EV7yMGGuKXooEmaWyM962M9B283ja4jYE4pp6Jp
member:  5LEE7kb6yAXQjvfbaXEftSnQLTQdTp8YxSLTWs76abLJ
     registrarAccount
        registrarAccount.authority:  FY3QHJREKMii9jgQCTa7bthUHZ1X6Gsbz8PWtcmcUXrd   25939374160
        registrarAccount.rewardEventQ:  Gq2v4EV7yMGGuKXooEmaWyM962M9B283ja4jYE4pp6Jp   58310880
        registrarAccount.mint:  CHu82ZMo9fSJwAM9evgM5u86UEoJM5H8XcUjZuWXQ6XV   1461600
        registrarAccount.poolMint:  3tMnnuBEzJfYZqXLwRG2DL7FZehh9PvBaBdGWia83Lcu   1461600
registrarSigner:  DmEnsipMXe9qkUmuLtmTi3F3X9nwp6QUvheftjeozxfy   0
nonce:  undefined
poolMint:  3tMnnuBEzJfYZqXLwRG2DL7FZehh9PvBaBdGWia83Lcu   1461600
   memberAccount:
   registrar:  4s6eYBpqXKMSk8dgBkeFNCNALTiyu28P7L1qQaqBjExN   1955760
   beneficiary:  FY3QHJREKMii9jgQCTa7bthUHZ1X6Gsbz8PWtcmcUXrd   25939374160
   metadata:  11111111111111111111111111111111   1
     member.balances
        spt:  ytJtPoqRcP7bpzYAo8pnBrVgWSfmEB43eVTDuYfYRBj   2039280
        vault:  HxYmFw1CBbVqCYFtjuTdUDi3wGfgmX2TG7PCbEPZKQLg   2039280
        vaultStake:  9tHBo5MrvUMNJG6owqaZe7geoFuyrHU1CWQxXDr9GkVy   2039280
        vaultPendingWithdraw:  2QhUx6VGicpSTFmKUurjnpYchihHR4WZQYfRjYR7A3U1   2039280
     member.balancesLocked
        spt:  GQocrNsLuhgvi1pCNqgdYq97i6Dw92JQmsbqCpwBP72o   2039280
        vault:  4tWsohYBDYuwUVCfiGkj7JMwWACU99ADRuJAK39pTUgX   2039280
        vaultStake:  4MEqGSREJNsnGLBGVwVKDYbUhWimomhC4iZ7HAqBWpWQ   2039280
        vaultPendingWithdraw:  HtLjAKmnUjQkLTCaJjN1NThd3NRUi44Q3he9jwr1Jyaj   2039280
memberSigner:  28K4A1K3sQReDLW4BTtrjuGwNMNRiw7UtkDLidFUidya
11 tokenAccount:  {
  mint: PublicKey {
    _bn: <BN: a7c4c85fb55431ad34a0effe811f287cd44a4a29220f8bfb1b751e17e9580634>
  },
  owner: PublicKey {
    _bn: <BN: d7f7565a85e6782576d35b2ec8438d9d97559e6f2505cc9a8d5602b8942dc79e>
  },
  amount: <BN: 3e8>,
  delegateOption: 0,
  delegate: null,
  state: 1,
  isNativeOption: 0,
  isNative: false,
  delegatedAmount: <BN: 0>,
  closeAuthorityOption: 0,
  closeAuthority: null,
  isInitialized: true,
  isFrozen: false,
  rentExemptReserve: null
}
----------------------------------------
main_staking_program_id:  Ger7rcLu1nscJ2cFRHk6XfZdEfGL8tdhyyQDGsXUYQdE   1141440
owner:  FY3QHJREKMii9jgQCTa7bthUHZ1X6Gsbz8PWtcmcUXrd   25937319880
mint:  CHu82ZMo9fSJwAM9evgM5u86UEoJM5H8XcUjZuWXQ6XV   1461600
god:  DRuuhcSdUNoReYwcjg4iLhrRy52JWfKW4938bLcrMws3   2039280
registrar:  4s6eYBpqXKMSk8dgBkeFNCNALTiyu28P7L1qQaqBjExN
rewardQ:  Gq2v4EV7yMGGuKXooEmaWyM962M9B283ja4jYE4pp6Jp
member:  5LEE7kb6yAXQjvfbaXEftSnQLTQdTp8YxSLTWs76abLJ
     registrarAccount
        registrarAccount.authority:  FY3QHJREKMii9jgQCTa7bthUHZ1X6Gsbz8PWtcmcUXrd   25937319880
        registrarAccount.rewardEventQ:  Gq2v4EV7yMGGuKXooEmaWyM962M9B283ja4jYE4pp6Jp   58310880
        registrarAccount.mint:  CHu82ZMo9fSJwAM9evgM5u86UEoJM5H8XcUjZuWXQ6XV   1461600
        registrarAccount.poolMint:  3tMnnuBEzJfYZqXLwRG2DL7FZehh9PvBaBdGWia83Lcu   1461600
registrarSigner:  DmEnsipMXe9qkUmuLtmTi3F3X9nwp6QUvheftjeozxfy   0
nonce:  undefined
poolMint:  3tMnnuBEzJfYZqXLwRG2DL7FZehh9PvBaBdGWia83Lcu   1461600
   memberAccount:
   registrar:  4s6eYBpqXKMSk8dgBkeFNCNALTiyu28P7L1qQaqBjExN   1955760
   beneficiary:  FY3QHJREKMii9jgQCTa7bthUHZ1X6Gsbz8PWtcmcUXrd   25937319880
   metadata:  11111111111111111111111111111111   1
     member.balances
        spt:  ytJtPoqRcP7bpzYAo8pnBrVgWSfmEB43eVTDuYfYRBj   2039280
        vault:  HxYmFw1CBbVqCYFtjuTdUDi3wGfgmX2TG7PCbEPZKQLg   2039280
        vaultStake:  9tHBo5MrvUMNJG6owqaZe7geoFuyrHU1CWQxXDr9GkVy   2039280
        vaultPendingWithdraw:  2QhUx6VGicpSTFmKUurjnpYchihHR4WZQYfRjYR7A3U1   2039280
     member.balancesLocked
        spt:  GQocrNsLuhgvi1pCNqgdYq97i6Dw92JQmsbqCpwBP72o   2039280
        vault:  4tWsohYBDYuwUVCfiGkj7JMwWACU99ADRuJAK39pTUgX   2039280
        vaultStake:  4MEqGSREJNsnGLBGVwVKDYbUhWimomhC4iZ7HAqBWpWQ   2039280
        vaultPendingWithdraw:  HtLjAKmnUjQkLTCaJjN1NThd3NRUi44Q3he9jwr1Jyaj   2039280
memberSigner:  28K4A1K3sQReDLW4BTtrjuGwNMNRiw7UtkDLidFUidya
main_staking_program_id:  Ger7rcLu1nscJ2cFRHk6XfZdEfGL8tdhyyQDGsXUYQdE   1141440
owner:  FY3QHJREKMii9jgQCTa7bthUHZ1X6Gsbz8PWtcmcUXrd   25937319880
mint:  CHu82ZMo9fSJwAM9evgM5u86UEoJM5H8XcUjZuWXQ6XV   1461600
god:  DRuuhcSdUNoReYwcjg4iLhrRy52JWfKW4938bLcrMws3   2039280
registrar:  4s6eYBpqXKMSk8dgBkeFNCNALTiyu28P7L1qQaqBjExN
rewardQ:  Gq2v4EV7yMGGuKXooEmaWyM962M9B283ja4jYE4pp6Jp
member:  5LEE7kb6yAXQjvfbaXEftSnQLTQdTp8YxSLTWs76abLJ
     registrarAccount
        registrarAccount.authority:  FY3QHJREKMii9jgQCTa7bthUHZ1X6Gsbz8PWtcmcUXrd   25937319880
        registrarAccount.rewardEventQ:  Gq2v4EV7yMGGuKXooEmaWyM962M9B283ja4jYE4pp6Jp   58310880
        registrarAccount.mint:  CHu82ZMo9fSJwAM9evgM5u86UEoJM5H8XcUjZuWXQ6XV   1461600
        registrarAccount.poolMint:  3tMnnuBEzJfYZqXLwRG2DL7FZehh9PvBaBdGWia83Lcu   1461600
registrarSigner:  DmEnsipMXe9qkUmuLtmTi3F3X9nwp6QUvheftjeozxfy   0
nonce:  undefined
poolMint:  3tMnnuBEzJfYZqXLwRG2DL7FZehh9PvBaBdGWia83Lcu   1461600
   memberAccount:
   registrar:  4s6eYBpqXKMSk8dgBkeFNCNALTiyu28P7L1qQaqBjExN   1955760
   beneficiary:  FY3QHJREKMii9jgQCTa7bthUHZ1X6Gsbz8PWtcmcUXrd   25937319880
   metadata:  11111111111111111111111111111111   1
     member.balances
        spt:  ytJtPoqRcP7bpzYAo8pnBrVgWSfmEB43eVTDuYfYRBj   2039280
        vault:  HxYmFw1CBbVqCYFtjuTdUDi3wGfgmX2TG7PCbEPZKQLg   2039280
        vaultStake:  9tHBo5MrvUMNJG6owqaZe7geoFuyrHU1CWQxXDr9GkVy   2039280
        vaultPendingWithdraw:  2QhUx6VGicpSTFmKUurjnpYchihHR4WZQYfRjYR7A3U1   2039280
     member.balancesLocked
        spt:  GQocrNsLuhgvi1pCNqgdYq97i6Dw92JQmsbqCpwBP72o   2039280
        vault:  4tWsohYBDYuwUVCfiGkj7JMwWACU99ADRuJAK39pTUgX   2039280
        vaultStake:  4MEqGSREJNsnGLBGVwVKDYbUhWimomhC4iZ7HAqBWpWQ   2039280
        vaultPendingWithdraw:  HtLjAKmnUjQkLTCaJjN1NThd3NRUi44Q3he9jwr1Jyaj   2039280
memberSigner:  28K4A1K3sQReDLW4BTtrjuGwNMNRiw7UtkDLidFUidya
Success
➜  demo_main_flow git:(integration/devnet) ✗