➜  demo_main_flow git:(integration/devnet) ✗ node step04_drop_reward.js
Running client.
----------------------------------------
Start Setup
-----------------------
drop unlocked reward
   vendorAccount
   registrar:  4s6eYBpqXKMSk8dgBkeFNCNALTiyu28P7L1qQaqBjExN   1955760
   vault:  4UNKpQUUkrzFHhXPSQMxFd8prfKfAVT5YgzvUPQ6VLGU   2039280
   mint:  CHu82ZMo9fSJwAM9evgM5u86UEoJM5H8XcUjZuWXQ6XV   1461600
   from:  FY3QHJREKMii9jgQCTa7bthUHZ1X6Gsbz8PWtcmcUXrd   25981265640
   poolTokenSupply:  2222
   total:  9999
   kind:  {"unlocked":{}}
rewardQAccount:  [object Object]
-----------------------
main_staking_program_id:  Ger7rcLu1nscJ2cFRHk6XfZdEfGL8tdhyyQDGsXUYQdE   1141440
owner:  FY3QHJREKMii9jgQCTa7bthUHZ1X6Gsbz8PWtcmcUXrd   25981265640
mint:  CHu82ZMo9fSJwAM9evgM5u86UEoJM5H8XcUjZuWXQ6XV   1461600
god:  DRuuhcSdUNoReYwcjg4iLhrRy52JWfKW4938bLcrMws3   2039280
registrar:  4s6eYBpqXKMSk8dgBkeFNCNALTiyu28P7L1qQaqBjExN
rewardQ:  Gq2v4EV7yMGGuKXooEmaWyM962M9B283ja4jYE4pp6Jp
member:  5LEE7kb6yAXQjvfbaXEftSnQLTQdTp8YxSLTWs76abLJ
     registrarAccount
        registrarAccount.authority:  FY3QHJREKMii9jgQCTa7bthUHZ1X6Gsbz8PWtcmcUXrd   25981265640
        registrarAccount.rewardEventQ:  Gq2v4EV7yMGGuKXooEmaWyM962M9B283ja4jYE4pp6Jp   58310880
        registrarAccount.mint:  CHu82ZMo9fSJwAM9evgM5u86UEoJM5H8XcUjZuWXQ6XV   1461600
        registrarAccount.poolMint:  3tMnnuBEzJfYZqXLwRG2DL7FZehh9PvBaBdGWia83Lcu   1461600
registrarSigner:  DmEnsipMXe9qkUmuLtmTi3F3X9nwp6QUvheftjeozxfy   0
nonce:  undefined
poolMint:  3tMnnuBEzJfYZqXLwRG2DL7FZehh9PvBaBdGWia83Lcu   1461600
   memberAccount:
   registrar:  4s6eYBpqXKMSk8dgBkeFNCNALTiyu28P7L1qQaqBjExN   1955760
   beneficiary:  FY3QHJREKMii9jgQCTa7bthUHZ1X6Gsbz8PWtcmcUXrd   25981265640
   metadata:  11111111111111111111111111111111   1
     member.balances
        spt:  ytJtPoqRcP7bpzYAo8pnBrVgWSfmEB43eVTDuYfYRBj   2039280
        vault:  HxYmFw1CBbVqCYFtjuTdUDi3wGfgmX2TG7PCbEPZKQLg   2039280
        vaultStake:  9tHBo5MrvUMNJG6owqaZe7geoFuyrHU1CWQxXDr9GkVy   2039280
        vaultPendingWithdraw:  2QhUx6VGicpSTFmKUurjnpYchihHR4WZQYfRjYR7A3U1   2039280
     member.balancesLocked
        spt:  GQocrNsLuhgvi1pCNqgdYq97i6Dw92JQmsbqCpwBP72o   2039280
        vault:  4tWsohYBDYuwUVCfiGkj7JMwWACU99ADRuJAK39pTUgX   2039280
        vaultStake:  4MEqGSREJNsnGLBGVwVKDYbUhWimomhC4iZ7HAqBWpWQ   2039280
        vaultPendingWithdraw:  HtLjAKmnUjQkLTCaJjN1NThd3NRUi44Q3he9jwr1Jyaj   2039280
unlockedVendor:  bfKGJUnP1S9oDdyEXPY5wxpAr1zrB7xDPjPmXEbFTyW
unlockedVendorVault:  4UNKpQUUkrzFHhXPSQMxFd8prfKfAVT5YgzvUPQ6VLGU
unlockedVendorSigner:  FTkmDq7jKKvEEmBDkdmJxHGM3eBtSu1aGtxy47GZ6Fkq
Success
➜  demo_main_flow git:(integration/devnet) ✗